# JRE version: OpenJDK Runtime Environment Temurin-21.0.11+10 (21.0.11+10) (build 21.0.11+10-LTS)
# Java VM: OpenJDK 64-Bit Server VM Temurin-21.0.11+10 (21.0.11+10-LTS, mixed mode, sharing, tiered, compressed oops, compressed class ptrs, parallel gc, windows-amd64)
GC Precious Log:
 CardTable entry size: 512
 CPUs: 4 total, 4 available
 Memory: 3901M
 Large Page Support: Disabled
 NUMA Support: Disabled
 Compressed Oops: Enabled (32-bit)
 Alignments: Space 512K, Generation 512K, Heap 2M
 Heap Min Capacity: 100M
 Heap Initial Capacity: 100M
 Heap Max Capacity: 2G
 Pre-touch: Disabled
 Parallel Workers: 4
Heap:
 PSYoungGen      total 18944K, used 16078K [0x00000000d5580000, 0x00000000d6c80000, 0x0000000100000000)
  eden space 18432K, 86% used [0x00000000d5580000,0x00000000d6503a58,0x00000000d6780000)
  from space 512K, 37% used [0x00000000d6780000,0x00000000d67b0000,0x00000000d6800000)
  to   space 1536K, 0% used [0x00000000d6b00000,0x00000000d6b00000,0x00000000d6c80000)
 ParOldGen       total 68608K, used 32750K [0x0000000080000000, 0x0000000084300000, 0x00000000d5580000)
  object space 68608K, 47% used [0x0000000080000000,0x0000000081ffbba8,0x0000000084300000)
 Metaspace       used 52783K, committed 54208K, reserved 1114112K
  class space    used 5800K, committed 6400K, reserved 1048576K
GC Heap History (20 events):
Event: 110.239 GC heap before
{Heap before GC invocations=20 (full 1):
 PSYoungGen      total 22528K, used 19329K [0x00000000d5580000, 0x00000000d6e80000, 0x0000000100000000)
  eden space 21504K, 86% used [0x00000000d5580000,0x00000000d67a8410,0x00000000d6a80000)
  from space 1024K, 71% used [0x00000000d6d80000,0x00000000d6e38000,0x00000000d6e80000)
  to   space 1536K, 0% used [0x00000000d6b80000,0x00000000d6b80000,0x00000000d6d00000)
 ParOldGen       total 68608K, used 23255K [0x0000000080000000, 0x0000000084300000, 0x00000000d5580000)
  object space 68608K, 33% used [0x0000000080000000,0x00000000816b5da0,0x0000000084300000)
 Metaspace       used 34727K, committed 35840K, reserved 1114112K
  class space    used 3560K, committed 4032K, reserved 1048576K
}
Event: 110.246 GC heap after
{Heap after GC invocations=20 (full 1):
 PSYoungGen      total 23040K, used 1202K [0x00000000d5580000, 0x00000000d6e00000, 0x0000000100000000)
  eden space 21504K, 0% used [0x00000000d5580000,0x00000000d5580000,0x00000000d6a80000)
  from space 1536K, 78% used [0x00000000d6b80000,0x00000000d6cac8a8,0x00000000d6d00000)
  to   space 1024K, 0% used [0x00000000d6d00000,0x00000000d6d00000,0x00000000d6e00000)
 ParOldGen       total 68608K, used 23871K [0x0000000080000000, 0x0000000084300000, 0x00000000d5580000)
  object space 68608K, 34% used [0x0000000080000000,0x000000008174fde0,0x0000000084300000)
 Metaspace       used 34727K, committed 35840K, reserved 1114112K
  class space    used 3560K, committed 4032K, reserved 1048576K
}
Event: 110.246 GC heap before
{Heap before GC invocations=21 (full 2):
 PSYoungGen      total 23040K, used 1202K [0x00000000d5580000, 0x00000000d6e00000, 0x0000000100000000)
  eden space 21504K, 0% used [0x00000000d5580000,0x00000000d5580000,0x00000000d6a80000)
  from space 1536K, 78% used [0x00000000d6b80000,0x00000000d6cac8a8,0x00000000d6d00000)
  to   space 1024K, 0% used [0x00000000d6d00000,0x00000000d6d00000,0x00000000d6e00000)
 ParOldGen       total 68608K, used 23871K [0x0000000080000000, 0x0000000084300000, 0x00000000d5580000)
  object space 68608K, 34% used [0x0000000080000000,0x000000008174fde0,0x0000000084300000)
 Metaspace       used 34727K, committed 35840K, reserved 1114112K
  class space    used 3560K, committed 4032K, reserved 1048576K
}
Event: 110.383 GC heap after
{Heap after GC invocations=21 (full 2):
 PSYoungGen      total 23040K, used 0K [0x00000000d5580000, 0x00000000d6e00000, 0x0000000100000000)
  eden space 21504K, 0% used [0x00000000d5580000,0x00000000d5580000,0x00000000d6a80000)
  from space 1536K, 0% used [0x00000000d6b80000,0x00000000d6b80000,0x00000000d6d00000)
  to   space 1024K, 0% used [0x00000000d6d00000,0x00000000d6d00000,0x00000000d6e00000)
 ParOldGen       total 68608K, used 22582K [0x0000000080000000, 0x0000000084300000, 0x00000000d5580000)
  object space 68608K, 32% used [0x0000000080000000,0x000000008160d830,0x0000000084300000)
 Metaspace       used 34727K, committed 35840K, reserved 1114112K
  class space    used 3560K, committed 4032K, reserved 1048576K
}
Event: 112.856 GC heap before
{Heap before GC invocations=22 (full 2):
 PSYoungGen      total 23040K, used 21497K [0x00000000d5580000, 0x00000000d6e00000, 0x0000000100000000)
  eden space 21504K, 99% used [0x00000000d5580000,0x00000000d6a7e488,0x00000000d6a80000)
  from space 1536K, 0% used [0x00000000d6b80000,0x00000000d6b80000,0x00000000d6d00000)
  to   space 1024K, 0% used [0x00000000d6d00000,0x00000000d6d00000,0x00000000d6e00000)
 ParOldGen       total 68608K, used 22582K [0x0000000080000000, 0x0000000084300000, 0x00000000d5580000)
  object space 68608K, 32% used [0x0000000080000000,0x000000008160d830,0x0000000084300000)
 Metaspace       used 37101K, committed 38208K, reserved 1114112K
  class space    used 3878K, committed 4352K, reserved 1048576K
}
Event: 112.861 GC heap after
{Heap after GC invocations=22 (full 2):
 PSYoungGen      total 22528K, used 960K [0x00000000d5580000, 0x00000000d6e00000, 0x0000000100000000)
  eden space 21504K, 0% used [0x00000000d5580000,0x00000000d5580000,0x00000000d6a80000)
  from space 1024K, 93% used [0x00000000d6d00000,0x00000000d6df0000,0x00000000d6e00000)
  to   space 1536K, 0% used [0x00000000d6b00000,0x00000000d6b00000,0x00000000d6c80000)
 ParOldGen       total 68608K, used 22590K [0x0000000080000000, 0x0000000084300000, 0x00000000d5580000)
  object space 68608K, 32% used [0x0000000080000000,0x000000008160f830,0x0000000084300000)
 Metaspace       used 37101K, committed 38208K, reserved 1114112K
  class space    used 3878K, committed 4352K, reserved 1048576K
}
Event: 114.682 GC heap before
{Heap before GC invocations=23 (full 2):
 PSYoungGen      total 22528K, used 22464K [0x00000000d5580000, 0x00000000d6e00000, 0x0000000100000000)
  eden space 21504K, 100% used [0x00000000d5580000,0x00000000d6a80000,0x00000000d6a80000)
  from space 1024K, 93% used [0x00000000d6d00000,0x00000000d6df0000,0x00000000d6e00000)
  to   space 1536K, 0% used [0x00000000d6b00000,0x00000000d6b00000,0x00000000d6c80000)
 ParOldGen       total 68608K, used 22590K [0x0000000080000000, 0x0000000084300000, 0x00000000d5580000)
  object space 68608K, 32% used [0x0000000080000000,0x000000008160f830,0x0000000084300000)
 Metaspace       used 39880K, committed 41088K, reserved 1114112K
  class space    used 4191K, committed 4672K, reserved 1048576K
}
Event: 114.688 GC heap after
{Heap after GC invocations=23 (full 2):
 PSYoungGen      total 23040K, used 1535K [0x00000000d5580000, 0x00000000d7080000, 0x0000000100000000)
  eden space 21504K, 0% used [0x00000000d5580000,0x00000000d5580000,0x00000000d6a80000)
  from space 1536K, 99% used [0x00000000d6b00000,0x00000000d6c7ff08,0x00000000d6c80000)
  to   space 3072K, 0% used [0x00000000d6d80000,0x00000000d6d80000,0x00000000d7080000)
 ParOldGen       total 68608K, used 23629K [0x0000000080000000, 0x0000000084300000, 0x00000000d5580000)
  object space 68608K, 34% used [0x0000000080000000,0x00000000817134f0,0x0000000084300000)
 Metaspace       used 39880K, committed 41088K, reserved 1114112K
  class space    used 4191K, committed 4672K, reserved 1048576K
}
Event: 115.612 GC heap before
{Heap before GC invocations=24 (full 2):
 PSYoungGen      total 23040K, used 23039K [0x00000000d5580000, 0x00000000d7080000, 0x0000000100000000)
  eden space 21504K, 100% used [0x00000000d5580000,0x00000000d6a80000,0x00000000d6a80000)
  from space 1536K, 99% used [0x00000000d6b00000,0x00000000d6c7ff08,0x00000000d6c80000)
  to   space 3072K, 0% used [0x00000000d6d80000,0x00000000d6d80000,0x00000000d7080000)
 ParOldGen       total 68608K, used 23632K [0x0000000080000000, 0x0000000084300000, 0x00000000d5580000)
  object space 68608K, 34% used [0x0000000080000000,0x0000000081714060,0x0000000084300000)
 Metaspace       used 42259K, committed 43520K, reserved 1114112K
  class space    used 4469K, committed 4992K, reserved 1048576K
}
Event: 115.622 GC heap after
{Heap after GC invocations=24 (full 2):
 PSYoungGen      total 23552K, used 1696K [0x00000000d5580000, 0x00000000d6f80000, 0x0000000100000000)
  eden space 21504K, 0% used [0x00000000d5580000,0x00000000d5580000,0x00000000d6a80000)
  from space 2048K, 82% used [0x00000000d6d80000,0x00000000d6f28000,0x00000000d6f80000)
  to   space 2048K, 0% used [0x00000000d6b80000,0x00000000d6b80000,0x00000000d6d80000)
 ParOldGen       total 68608K, used 25085K [0x0000000080000000, 0x0000000084300000, 0x00000000d5580000)
  object space 68608K, 36% used [0x0000000080000000,0x000000008187f4a0,0x0000000084300000)
 Metaspace       used 42259K, committed 43520K, reserved 1114112K
  class space    used 4469K, committed 4992K, reserved 1048576K
}
Event: 117.105 GC heap before
{Heap before GC invocations=25 (full 2):
 PSYoungGen      total 23552K, used 23200K [0x00000000d5580000, 0x00000000d6f80000, 0x0000000100000000)
  eden space 21504K, 100% used [0x00000000d5580000,0x00000000d6a80000,0x00000000d6a80000)
  from space 2048K, 82% used [0x00000000d6d80000,0x00000000d6f28000,0x00000000d6f80000)
  to   space 2048K, 0% used [0x00000000d6b80000,0x00000000d6b80000,0x00000000d6d80000)
 ParOldGen       total 68608K, used 25085K [0x0000000080000000, 0x0000000084300000, 0x00000000d5580000)
  object space 68608K, 36% used [0x0000000080000000,0x000000008187f4a0,0x0000000084300000)
 Metaspace       used 45114K, committed 46400K, reserved 1114112K
  class space    used 4835K, committed 5440K, reserved 1048576K
}
Event: 117.111 GC heap after
{Heap after GC invocations=25 (full 2):
 PSYoungGen      total 23040K, used 1152K [0x00000000d5580000, 0x00000000d6e00000, 0x0000000100000000)
  eden space 21504K, 0% used [0x00000000d5580000,0x00000000d5580000,0x00000000d6a80000)
  from space 1536K, 75% used [0x00000000d6b80000,0x00000000d6ca0000,0x00000000d6d00000)
  to   space 1024K, 0% used [0x00000000d6d00000,0x00000000d6d00000,0x00000000d6e00000)
 ParOldGen       total 68608K, used 26677K [0x0000000080000000, 0x0000000084300000, 0x00000000d5580000)
  object space 68608K, 38% used [0x0000000080000000,0x0000000081a0d5d0,0x0000000084300000)
 Metaspace       used 45114K, committed 46400K, reserved 1114112K
  class space    used 4835K, committed 5440K, reserved 1048576K
}
Event: 119.803 GC heap before
{Heap before GC invocations=26 (full 2):
 PSYoungGen      total 23040K, used 22656K [0x00000000d5580000, 0x00000000d6e00000, 0x0000000100000000)
  eden space 21504K, 100% used [0x00000000d5580000,0x00000000d6a80000,0x00000000d6a80000)
  from space 1536K, 75% used [0x00000000d6b80000,0x00000000d6ca0000,0x00000000d6d00000)
  to   space 1024K, 0% used [0x00000000d6d00000,0x00000000d6d00000,0x00000000d6e00000)
 ParOldGen       total 68608K, used 26677K [0x0000000080000000, 0x0000000084300000, 0x00000000d5580000)
  object space 68608K, 38% used [0x0000000080000000,0x0000000081a0d5d0,0x0000000084300000)
 Metaspace       used 48063K, committed 49344K, reserved 1114112K
  class space    used 5221K, committed 5760K, reserved 1048576K
}
Event: 119.811 GC heap after
{Heap after GC invocations=26 (full 2):
 PSYoungGen      total 22016K, used 1022K [0x00000000d5580000, 0x00000000d7080000, 0x0000000100000000)
  eden space 20992K, 0% used [0x00000000d5580000,0x00000000d5580000,0x00000000d6a00000)
  from space 1024K, 99% used [0x00000000d6d00000,0x00000000d6dffa30,0x00000000d6e00000)
  to   space 3072K, 0% used [0x00000000d6a00000,0x00000000d6a00000,0x00000000d6d00000)
 ParOldGen       total 68608K, used 28043K [0x0000000080000000, 0x0000000084300000, 0x00000000d5580000)
  object space 68608K, 40% used [0x0000000080000000,0x0000000081b62f30,0x0000000084300000)
 Metaspace       used 48063K, committed 49344K, reserved 1114112K
  class space    used 5221K, committed 5760K, reserved 1048576K
}
Event: 124.677 GC heap before
{Heap before GC invocations=27 (full 2):
 PSYoungGen      total 22016K, used 22014K [0x00000000d5580000, 0x00000000d7080000, 0x0000000100000000)
  eden space 20992K, 100% used [0x00000000d5580000,0x00000000d6a00000,0x00000000d6a00000)
  from space 1024K, 99% used [0x00000000d6d00000,0x00000000d6dffa30,0x00000000d6e00000)
  to   space 3072K, 0% used [0x00000000d6a00000,0x00000000d6a00000,0x00000000d6d00000)
 ParOldGen       total 68608K, used 28043K [0x0000000080000000, 0x0000000084300000, 0x00000000d5580000)
  object space 68608K, 40% used [0x0000000080000000,0x0000000081b62f30,0x0000000084300000)
 Metaspace       used 50397K, committed 51712K, reserved 1114112K
  class space    used 5530K, committed 6080K, reserved 1048576K
}
Event: 124.684 GC heap after
{Heap after GC invocations=27 (full 2):
 PSYoungGen      total 22528K, used 1360K [0x00000000d5580000, 0x00000000d6e00000, 0x0000000100000000)
  eden space 20992K, 0% used [0x00000000d5580000,0x00000000d5580000,0x00000000d6a00000)
  from space 1536K, 88% used [0x00000000d6a00000,0x00000000d6b54010,0x00000000d6b80000)
  to   space 2048K, 0% used [0x00000000d6c00000,0x00000000d6c00000,0x00000000d6e00000)
 ParOldGen       total 68608K, used 29062K [0x0000000080000000, 0x0000000084300000, 0x00000000d5580000)
  object space 68608K, 42% used [0x0000000080000000,0x0000000081c61a68,0x0000000084300000)
 Metaspace       used 50397K, committed 51712K, reserved 1114112K
  class space    used 5530K, committed 6080K, reserved 1048576K
}
Event: 128.772 GC heap before
{Heap before GC invocations=28 (full 2):
 PSYoungGen      total 22528K, used 22352K [0x00000000d5580000, 0x00000000d6e00000, 0x0000000100000000)
  eden space 20992K, 100% used [0x00000000d5580000,0x00000000d6a00000,0x00000000d6a00000)
  from space 1536K, 88% used [0x00000000d6a00000,0x00000000d6b54010,0x00000000d6b80000)
  to   space 2048K, 0% used [0x00000000d6c00000,0x00000000d6c00000,0x00000000d6e00000)
 ParOldGen       total 68608K, used 29062K [0x0000000080000000, 0x0000000084300000, 0x00000000d5580000)
  object space 68608K, 42% used [0x0000000080000000,0x0000000081c61a68,0x0000000084300000)
 Metaspace       used 52200K, committed 53504K, reserved 1114112K
  class space    used 5730K, committed 6272K, reserved 1048576K
}
Event: 128.785 GC heap after
{Heap after GC invocations=28 (full 2):
 PSYoungGen      total 20480K, used 2016K [0x00000000d5580000, 0x00000000d7300000, 0x0000000100000000)
  eden space 18432K, 0% used [0x00000000d5580000,0x00000000d5580000,0x00000000d6780000)
  from space 2048K, 98% used [0x00000000d6c00000,0x00000000d6df8068,0x00000000d6e00000)
  to   space 4608K, 0% used [0x00000000d6780000,0x00000000d6780000,0x00000000d6c00000)
 ParOldGen       total 68608K, used 30790K [0x0000000080000000, 0x0000000084300000, 0x00000000d5580000)
  object space 68608K, 44% used [0x0000000080000000,0x0000000081e11a88,0x0000000084300000)
 Metaspace       used 52200K, committed 53504K, reserved 1114112K
  class space    used 5730K, committed 6272K, reserved 1048576K
}
Event: 138.936 GC heap before
{Heap before GC invocations=29 (full 2):
 PSYoungGen      total 20480K, used 20448K [0x00000000d5580000, 0x00000000d7300000, 0x0000000100000000)
  eden space 18432K, 100% used [0x00000000d5580000,0x00000000d6780000,0x00000000d6780000)
  from space 2048K, 98% used [0x00000000d6c00000,0x00000000d6df8068,0x00000000d6e00000)
  to   space 4608K, 0% used [0x00000000d6780000,0x00000000d6780000,0x00000000d6c00000)
 ParOldGen       total 68608K, used 30790K [0x0000000080000000, 0x0000000084300000, 0x00000000d5580000)
  object space 68608K, 44% used [0x0000000080000000,0x0000000081e11a88,0x0000000084300000)
 Metaspace       used 52505K, committed 53888K, reserved 1114112K
  class space    used 5752K, committed 6336K, reserved 1048576K
}
Event: 138.949 GC heap after
{Heap after GC invocations=29 (full 2):
 PSYoungGen      total 18944K, used 192K [0x00000000d5580000, 0x00000000d6c80000, 0x0000000100000000)
  eden space 18432K, 0% used [0x00000000d5580000,0x00000000d5580000,0x00000000d6780000)
  from space 512K, 37% used [0x00000000d6780000,0x00000000d67b0000,0x00000000d6800000)
  to   space 1536K, 0% used [0x00000000d6b00000,0x00000000d6b00000,0x00000000d6c80000)
 ParOldGen       total 68608K, used 32750K [0x0000000080000000, 0x0000000084300000, 0x00000000d5580000)
  object space 68608K, 47% used [0x0000000080000000,0x0000000081ffbba8,0x0000000084300000)
 Metaspace       used 52505K, committed 53888K, reserved 1114112K
  class space    used 5752K, committed 6336K, reserved 1048576K
}

